2014/03/21 21:35:48 [error] [exception.CDbException] exception 'CDbException' with message 'CDbConnection failed to open the DB connection: could not find driver' in /opt/project/amazon/yii/framework/db/CDbConnection.php:382
Stack trace:
#0 /opt/project/amazon/yii/framework/db/CDbConnection.php(330): CDbConnection->open()
#1 /opt/project/amazon/yii/framework/db/CDbConnection.php(308): CDbConnection->setActive(true)
#2 /opt/project/amazon/yii/framework/base/CModule.php(387): CDbConnection->init()
#3 /opt/project/amazon/yii/framework/base/CModule.php(103): CModule->getComponent('db')
#4 /opt/project/amazon/yii/framework/gii/generators/model/ModelCode.php(60): CModule->__get('db')
#5 /opt/project/amazon/yii/framework/web/CFormModel.php(39): ModelCode->init()
#6 /opt/project/amazon/yii/framework/gii/CCodeGenerator.php(153): CFormModel->__construct()
#7 /opt/project/amazon/yii/framework/gii/CCodeGenerator.php(63): CCodeGenerator->prepare()
#8 /opt/project/amazon/yii/framework/web/actions/CInlineAction.php(49): CCodeGenerator->actionIndex()
#9 /opt/project/amazon/yii/framework/web/CController.php(308): CInlineAction->runWithParams(Array)
#10 /opt/project/amazon/yii/framework/web/CController.php(286): CController->runAction(Object(CInlineAction))
#11 /opt/project/amazon/yii/framework/web/CController.php(265): CController->runActionWithFilters(Object(CInlineAction), Array)
#12 /opt/project/amazon/yii/framework/web/CWebApplication.php(282): CController->run('index')
#13 /opt/project/amazon/yii/framework/web/CWebApplication.php(141): CWebApplication->runController('gii/model/index')
#14 /opt/project/amazon/yii/framework/base/CApplication.php(180): CWebApplication->processRequest()
#15 /opt/project/amazon/yii-simple-poll-amazon/index.php(13): CApplication->run()
#16 {main}
REQUEST_URI=/yii-simple-poll-amazon/gii/model/index
HTTP_REFERER=http://l.chk.vn/yii-simple-poll-amazon/gii/default/index
---
2014/03/21 22:16:17 [error] [php] require(): Filename cannot be empty (/opt/project/amazon/yii/framework/web/CBaseController.php:130)
Stack trace:
#0 /opt/project/amazon/yii/framework/zii/widgets/CListView.php(291): SiteController->renderFile()
#1 /opt/project/amazon/yii/framework/zii/widgets/CBaseListView.php(167): CListView->renderItems()
#2 unknown(0): CListView->renderSection()
#3 /opt/project/amazon/yii/framework/zii/widgets/CBaseListView.php(150): preg_replace_callback()
#4 /opt/project/amazon/yii/framework/zii/widgets/CBaseListView.php(135): CListView->renderContent()
#5 /opt/project/amazon/yii/framework/web/CBaseController.php(173): CListView->run()
#6 /opt/project/amazon/yii-simple-poll-amazon/protected/views/site/index.php(11): SiteController->widget()
#7 /opt/project/amazon/yii/framework/web/CBaseController.php(126): require()
#8 /opt/project/amazon/yii/framework/web/CBaseController.php(95): SiteController->renderInternal()
#9 /opt/project/amazon/yii/framework/web/CController.php(869): SiteController->renderFile()
#10 /opt/project/amazon/yii/framework/web/CController.php(782): SiteController->renderPartial()
#11 /opt/project/amazon/yii-simple-poll-amazon/protected/controllers/SiteController.php(33): SiteController->render()
#12 /opt/project/amazon/yii/framework/web/actions/CInlineAction.php(49): SiteController->actionIndex()
#13 /opt/project/amazon/yii/framework/web/CController.php(308): CInlineAction->runWithParams()
#14 /opt/project/amazon/yii/framework/web/CController.php(286): SiteController->runAction()
#15 /opt/project/amazon/yii/framework/web/CController.php(265): SiteController->runActionWithFilters()
#16 /opt/project/amazon/yii/framework/web/CWebApplication.php(282): SiteController->run()
#17 /opt/project/amazon/yii/framework/web/CWebApplication.php(141): CWebApplication->runController()
#18 /opt/project/amazon/yii/framework/base/CApplication.php(180): CWebApplication->processRequest()
#19 /opt/project/amazon/yii-simple-poll-amazon/index.php(13): CWebApplication->run()
REQUEST_URI=/yii-simple-poll-amazon/
in /opt/project/amazon/yii-simple-poll-amazon/protected/views/site/index.php (11)
in /opt/project/amazon/yii-simple-poll-amazon/protected/controllers/SiteController.php (33)
in /opt/project/amazon/yii-simple-poll-amazon/index.php (13)
2014/03/21 22:16:32 [error] [php] require(): Filename cannot be empty (/opt/project/amazon/yii/framework/web/CBaseController.php:130)
Stack trace:
#0 /opt/project/amazon/yii/framework/zii/widgets/CListView.php(291): SiteController->renderFile()
#1 /opt/project/amazon/yii/framework/zii/widgets/CBaseListView.php(167): CListView->renderItems()
#2 unknown(0): CListView->renderSection()
#3 /opt/project/amazon/yii/framework/zii/widgets/CBaseListView.php(150): preg_replace_callback()
#4 /opt/project/amazon/yii/framework/zii/widgets/CBaseListView.php(135): CListView->renderContent()
#5 /opt/project/amazon/yii/framework/web/CBaseController.php(173): CListView->run()
#6 /opt/project/amazon/yii-simple-poll-amazon/protected/views/site/index.php(11): SiteController->widget()
#7 /opt/project/amazon/yii/framework/web/CBaseController.php(126): require()
#8 /opt/project/amazon/yii/framework/web/CBaseController.php(95): SiteController->renderInternal()
#9 /opt/project/amazon/yii/framework/web/CController.php(869): SiteController->renderFile()
#10 /opt/project/amazon/yii/framework/web/CController.php(782): SiteController->renderPartial()
#11 /opt/project/amazon/yii-simple-poll-amazon/protected/controllers/SiteController.php(33): SiteController->render()
#12 /opt/project/amazon/yii/framework/web/actions/CInlineAction.php(49): SiteController->actionIndex()
#13 /opt/project/amazon/yii/framework/web/CController.php(308): CInlineAction->runWithParams()
#14 /opt/project/amazon/yii/framework/web/CController.php(286): SiteController->runAction()
#15 /opt/project/amazon/yii/framework/web/CController.php(265): SiteController->runActionWithFilters()
#16 /opt/project/amazon/yii/framework/web/CWebApplication.php(282): SiteController->run()
#17 /opt/project/amazon/yii/framework/web/CWebApplication.php(141): CWebApplication->runController()
#18 /opt/project/amazon/yii/framework/base/CApplication.php(180): CWebApplication->processRequest()
#19 /opt/project/amazon/yii-simple-poll-amazon/index.php(13): CWebApplication->run()
REQUEST_URI=/yii-simple-poll-amazon/
in /opt/project/amazon/yii-simple-poll-amazon/protected/views/site/index.php (11)
in /opt/project/amazon/yii-simple-poll-amazon/protected/controllers/SiteController.php (33)
in /opt/project/amazon/yii-simple-poll-amazon/index.php (13)
2014/03/21 22:16:48 [error] [php] Undefined variable: dataProvider (/opt/project/amazon/yii-simple-poll-amazon/protected/views/site/index.php:9)
Stack trace:
#0 /opt/project/amazon/yii/framework/web/CController.php(869): SiteController->renderFile()
#1 /opt/project/amazon/yii/framework/web/CController.php(782): SiteController->renderPartial()
#2 /opt/project/amazon/yii-simple-poll-amazon/protected/controllers/SiteController.php(32): SiteController->render()
#3 /opt/project/amazon/yii/framework/web/actions/CInlineAction.php(49): SiteController->actionIndex()
#4 /opt/project/amazon/yii/framework/web/CController.php(308): CInlineAction->runWithParams()
#5 /opt/project/amazon/yii/framework/web/CController.php(286): SiteController->runAction()
#6 /opt/project/amazon/yii/framework/web/CController.php(265): SiteController->runActionWithFilters()
#7 /opt/project/amazon/yii/framework/web/CWebApplication.php(282): SiteController->run()
#8 /opt/project/amazon/yii/framework/web/CWebApplication.php(141): CWebApplication->runController()
#9 /opt/project/amazon/yii/framework/base/CApplication.php(180): CWebApplication->processRequest()
#10 /opt/project/amazon/yii-simple-poll-amazon/index.php(13): CWebApplication->run()
REQUEST_URI=/yii-simple-poll-amazon/
in /opt/project/amazon/yii-simple-poll-amazon/protected/views/site/index.php (9)
in /opt/project/amazon/yii-simple-poll-amazon/protected/controllers/SiteController.php (32)
in /opt/project/amazon/yii-simple-poll-amazon/index.php (13)
